<?xml version="1.0" encoding="UTF-8"?>
<!-- Generated by org.testng.reporters.JUnitReportReporter -->
<testsuite hostname="DESKTOP-JMKOJCR" failures="0" tests="6" name="com.Tc.OrderHistory.DeliveryOrderHistory" time="102.997" errors="0" timestamp="2023-09-04T15:29:40 IST" skipped="0">
  <testcase classname="com.Tc.OrderHistory.DeliveryOrderHistory" name="testLogIn" time="35.046"/>
  <testcase classname="com.Tc.OrderHistory.DeliveryOrderHistory" name="searchRestaurantMethod" time="11.062"/>
  <testcase classname="com.Tc.OrderHistory.DeliveryOrderHistory" name="searchItemMethod" time="20.807"/>
  <testcase classname="com.Tc.OrderHistory.DeliveryOrderHistory" name="OrderPlace" time="6.315"/>
  <testcase classname="com.Tc.OrderHistory.DeliveryOrderHistory" name="doPayment" time="25.108"/>
  <testcase classname="com.Tc.OrderHistory.DeliveryOrderHistory" name="verifyOrderHistory" time="4.659"/>
</testsuite> <!-- com.Tc.OrderHistory.DeliveryOrderHistory -->
