<?xml version="1.0" encoding="UTF-8"?>
<!-- Generated by org.testng.reporters.JUnitReportReporter -->
<testsuite hostname="DESKTOP-JMKOJCR" failures="0" tests="1" name="com.Tc.Dummy.TestClass4" time="26.404" errors="0" timestamp="2023-08-16T15:33:33 IST" skipped="0">
  <testcase classname="com.Tc.Dummy.TestClass4" name="testMethod" time="26.404"/>
</testsuite> <!-- com.Tc.Dummy.TestClass4 -->
