<?xml version="1.0" encoding="UTF-8"?>
<!-- Generated by org.testng.reporters.JUnitReportReporter -->
<testsuite hostname="DESKTOP-JMKOJCR" failures="0" tests="5" name="com.Tc.LoginAndSignUp.TestAllSignUpScenarios" time="101.260" errors="0" timestamp="2023-09-04T11:24:44 IST" skipped="0">
  <testcase classname="com.Tc.LoginAndSignUp.TestAllSignUpScenarios" name="testSignUpCase1" time="35.820"/>
  <testcase classname="com.Tc.LoginAndSignUp.TestAllSignUpScenarios" name="testSignUpCase2" time="16.776"/>
  <testcase classname="com.Tc.LoginAndSignUp.TestAllSignUpScenarios" name="testSignUpCase3" time="18.499"/>
  <testcase classname="com.Tc.LoginAndSignUp.TestAllSignUpScenarios" name="testSignUpCase4" time="16.379"/>
  <testcase classname="com.Tc.LoginAndSignUp.TestAllSignUpScenarios" name="testSignUpCase5" time="13.786"/>
</testsuite> <!-- com.Tc.LoginAndSignUp.TestAllSignUpScenarios -->
