<?xml version="1.0" encoding="UTF-8"?>
<!-- Generated by org.testng.reporters.JUnitReportReporter -->
<testsuite hostname="DESKTOP-JMKOJCR" failures="0" tests="1" name="com.Tc.Dummy.TestClass5" time="0.012" errors="0" timestamp="2023-09-01T15:35:28 IST" skipped="0">
  <testcase classname="com.Tc.Dummy.TestClass5" name="date" time="0.012"/>
</testsuite> <!-- com.Tc.Dummy.TestClass5 -->
