<?xml version="1.0" encoding="UTF-8"?>
<!-- Generated by org.testng.reporters.JUnitReportReporter -->
<testsuite hostname="DESKTOP-JMKOJCR" failures="0" tests="5" name="com.Tc.SearchItems.AddItemToCart" time="113.239" errors="0" timestamp="2023-08-29T21:07:12 IST" skipped="0">
  <testcase classname="com.Tc.SearchItems.AddItemToCart" name="testLogIn" time="30.943"/>
  <testcase classname="com.Tc.SearchItems.AddItemToCart" name="searchItemMethod" time="41.631"/>
  <testcase classname="com.Tc.SearchItems.AddItemToCart" name="OrderPlace" time="9.102"/>
  <testcase classname="com.Tc.SearchItems.AddItemToCart" name="doPayment" time="24.882"/>
  <testcase classname="com.Tc.SearchItems.AddItemToCart" name="appLogout" time="6.681"/>
</testsuite> <!-- com.Tc.SearchItems.AddItemToCart -->
