<?xml version="1.0" encoding="UTF-8"?>
<!-- Generated by org.testng.reporters.JUnitReportReporter -->
<testsuite hostname="DESKTOP-JMKOJCR" failures="0" tests="1" name="com.Tc.Dummy.TestClass1" time="0.023" errors="0" timestamp="2023-09-04T14:59:52 IST" skipped="0">
  <testcase classname="com.Tc.Dummy.TestClass1" name="testMethod1" time="0.023"/>
</testsuite> <!-- com.Tc.Dummy.TestClass1 -->
