<?xml version="1.0" encoding="UTF-8"?>
<!-- Generated by org.testng.reporters.JUnitReportReporter -->
<testsuite hostname="DESKTOP-JMKOJCR" failures="0" tests="1" name="com.Tc.Login.TestAllLoginScenarios" time="96.352" errors="0" timestamp="2023-08-31T11:22:32 IST" skipped="0">
  <testcase classname="com.Tc.Login.TestAllLoginScenarios" name="testLogIn" time="96.352"/>
</testsuite> <!-- com.Tc.Login.TestAllLoginScenarios -->
