<?xml version="1.0" encoding="UTF-8"?>
<!-- Generated by org.testng.reporters.JUnitReportReporter -->
<testsuite hostname="DESKTOP-JMKOJCR" failures="0" tests="1" name="com.Tc.Dummy.TestClass2" time="93.304" errors="0" timestamp="2023-08-09T20:32:59 IST" skipped="0">
  <testcase classname="com.Tc.Dummy.TestClass2" name="testMethod1" time="93.304"/>
</testsuite> <!-- com.Tc.Dummy.TestClass2 -->
