<?xml version="1.0" encoding="UTF-8"?>
<!-- Generated by org.testng.reporters.JUnitReportReporter -->
<testsuite hostname="DESKTOP-JMKOJCR" failures="0" tests="1" name="com.Tc.LoginAndSignUp.TestAllLoginScenarios" time="75.151" errors="0" timestamp="2023-09-01T19:58:32 IST" skipped="0">
  <testcase classname="com.Tc.LoginAndSignUp.TestAllLoginScenarios" name="testLogIn" time="75.151"/>
</testsuite> <!-- com.Tc.LoginAndSignUp.TestAllLoginScenarios -->
