<?xml version="1.0" encoding="UTF-8"?>
<!-- Generated by org.testng.reporters.JUnitReportReporter -->
<testsuite hostname="DESKTOP-JMKOJCR" failures="0" tests="6" name="com.Tc.OrderHistory.CollectionOrderInHistory" time="105.551" errors="0" timestamp="2023-09-05T15:36:13 IST" skipped="0">
  <testcase classname="com.Tc.OrderHistory.CollectionOrderInHistory" name="testLogIn" time="26.502"/>
  <testcase classname="com.Tc.OrderHistory.CollectionOrderInHistory" name="searchRestaurantMethod" time="9.391"/>
  <testcase classname="com.Tc.OrderHistory.CollectionOrderInHistory" name="searchItemMethod" time="20.946"/>
  <testcase classname="com.Tc.OrderHistory.CollectionOrderInHistory" name="OrderPlace" time="7.263"/>
  <testcase classname="com.Tc.OrderHistory.CollectionOrderInHistory" name="doPayment" time="28.013"/>
  <testcase classname="com.Tc.OrderHistory.CollectionOrderInHistory" name="verifyOrderHistory" time="13.436"/>
</testsuite> <!-- com.Tc.OrderHistory.CollectionOrderInHistory -->
