<?xml version="1.0" encoding="UTF-8"?>
<!-- Generated by org.testng.reporters.JUnitReportReporter -->
<testsuite hostname="DESKTOP-JMKOJCR" failures="0" tests="1" name="com.Tc.Login.LoginWithValidData" time="113.245" errors="0" timestamp="2023-08-28T11:50:45 IST" skipped="0">
  <testcase classname="com.Tc.Login.LoginWithValidData" name="testLogIn" time="113.245"/>
</testsuite> <!-- com.Tc.Login.LoginWithValidData -->
