<?xml version="1.0" encoding="UTF-8"?>
<!-- Generated by org.testng.reporters.JUnitReportReporter -->
<testsuite hostname="DESKTOP-JMKOJCR" failures="0" tests="1" name="com.Tc.Dummy.TestClass3" time="22.612" errors="0" timestamp="2023-08-16T15:50:57 IST" skipped="0">
  <testcase classname="com.Tc.Dummy.TestClass3" name="basicCapabilities" time="22.612"/>
</testsuite> <!-- com.Tc.Dummy.TestClass3 -->
